
10월 05, 2023 15:24:15.321 NEW SESSION
10월 05, 2023 15:24:15.321 INFO: Created TensorFlow Lite XNNPACK delegate for CPU.
10월 05, 2023 15:29:59.408 INFO: Created TensorFlow Lite XNNPACK delegate for CPU.

10월 06, 2023 10:11:36.40 NEW SESSION
10월 06, 2023 10:11:36.40 INFO: Created TensorFlow Lite XNNPACK delegate for CPU.
10월 06, 2023 10:24:06.245 [7104:4652:1006/102406.244:ERROR:interface_endpoint_client.cc(702)] Message 5 rejected by interface blink.mojom.WidgetHost
10월 06, 2023 12:06:56.783 INFO: Created TensorFlow Lite XNNPACK delegate for CPU.
10월 06, 2023 15:09:25.325 INFO: Created TensorFlow Lite XNNPACK delegate for CPU.
10월 06, 2023 15:17:29.251 INFO: Created TensorFlow Lite XNNPACK delegate for CPU.

10월 10, 2023 11:43:25.37 NEW SESSION
10월 10, 2023 11:43:25.37 INFO: Created TensorFlow Lite XNNPACK delegate for CPU.

10월 10, 2023 16:30:37.165 NEW SESSION
10월 10, 2023 16:30:37.165 INFO: Created TensorFlow Lite XNNPACK delegate for CPU.
10월 10, 2023 16:31:57.265 INFO: Created TensorFlow Lite XNNPACK delegate for CPU.

10월 11, 2023 12:27:43.698 NEW SESSION
10월 11, 2023 12:27:43.698 INFO: Created TensorFlow Lite XNNPACK delegate for CPU.
10월 11, 2023 12:28:42.722 [1011/122842.720:ERROR:filesystem_win.cc(130)] GetFileAttributes C:\Users\dhdl2\AppData\Local\Google\Chrome\User Data\Crashpad\attachments\7f2b0df2-d121-4d0e-afbe-28ba6872b786: 지정된 파일을 찾을 수 없습니다. (0x2)
10월 11, 2023 12:28:42.722 [1011/122842.721:ERROR:filesystem_win.cc(130)] GetFileAttributes C:\Users\dhdl2\AppData\Local\Google\Chrome\User Data\Crashpad\attachments\7f2b0df2-d121-4d0e-afbe-28ba6872b786: 지정된 파일을 찾을 수 없습니다. (0x2)
10월 11, 2023 12:34:35.954 INFO: Created TensorFlow Lite XNNPACK delegate for CPU.
10월 11, 2023 16:09:24.256 [20928:8744:1011/160924.256:ERROR:get_updates_processor.cc(261)] PostClientToServerMessage() failed during GetUpdates with error 2
10월 11, 2023 16:09:31.515 INFO: Created TensorFlow Lite XNNPACK delegate for CPU.
10월 11, 2023 16:17:38.808 INFO: Created TensorFlow Lite XNNPACK delegate for CPU.
10월 11, 2023 16:25:34.03 INFO: Created TensorFlow Lite XNNPACK delegate for CPU.
10월 11, 2023 16:47:02.238 INFO: Created TensorFlow Lite XNNPACK delegate for CPU.

10월 16, 2023 16:31:06.97 NEW SESSION
10월 16, 2023 16:31:06.97 INFO: Created TensorFlow Lite XNNPACK delegate for CPU.
10월 16, 2023 16:32:33.878 INFO: Created TensorFlow Lite XNNPACK delegate for CPU.
10월 16, 2023 17:11:57.818 [15976:17608:1016/171157.816:ERROR:interface_endpoint_client.cc(702)] Message 0 rejected by interface blink.mojom.WidgetHost
10월 16, 2023 17:12:50.907 INFO: Created TensorFlow Lite XNNPACK delegate for CPU.

10월 18, 2023 08:49:31.646 NEW SESSION
10월 18, 2023 08:49:31.646 INFO: Created TensorFlow Lite XNNPACK delegate for CPU.

10월 19, 2023 12:32:07.512 NEW SESSION
10월 19, 2023 12:32:07.512 INFO: Created TensorFlow Lite XNNPACK delegate for CPU.

10월 24, 2023 13:04:13.308 NEW SESSION
10월 24, 2023 13:04:13.308 [14744:1608:1024/130413.304:ERROR:interface_endpoint_client.cc(702)] Message 5 rejected by interface blink.mojom.WidgetHost
10월 24, 2023 14:25:52.202 [14744:1608:1024/142552.202:ERROR:page_load_metrics_update_dispatcher.cc(179)] Invalid first_paint (unset) for first_image_paint 0.128 s
10월 24, 2023 14:25:52.225 [14744:1608:1024/142552.225:ERROR:page_load_metrics_update_dispatcher.cc(179)] Invalid first_paint 0.159 s for first_image_paint 0.128 s
10월 24, 2023 14:25:52.775 [14744:1608:1024/142552.775:ERROR:page_load_metrics_update_dispatcher.cc(179)] Invalid first_paint 0.159 s for first_image_paint 0.128 s
10월 24, 2023 14:25:52.927 [14744:1608:1024/142552.927:ERROR:page_load_metrics_update_dispatcher.cc(179)] Invalid first_paint 0.159 s for first_image_paint 0.128 s
10월 24, 2023 14:25:53.60 [14744:1608:1024/142553.060:ERROR:page_load_metrics_update_dispatcher.cc(179)] Invalid first_paint 0.159 s for first_image_paint 0.128 s
10월 24, 2023 14:25:55.602 [14744:1608:1024/142555.601:ERROR:page_load_metrics_update_dispatcher.cc(179)] Invalid first_paint 0.159 s for first_image_paint 0.128 s
10월 24, 2023 14:25:55.666 [14744:1608:1024/142555.666:ERROR:page_load_metrics_update_dispatcher.cc(179)] Invalid first_paint 0.159 s for first_image_paint 0.128 s
10월 24, 2023 14:34:56.255 [14744:1608:1024/143456.254:ERROR:page_load_metrics_update_dispatcher.cc(179)] Invalid first_paint (unset) for first_image_paint 0.119 s
10월 24, 2023 14:34:56.272 [14744:1608:1024/143456.272:ERROR:page_load_metrics_update_dispatcher.cc(179)] Invalid first_paint 0.151 s for first_image_paint 0.119 s
10월 24, 2023 14:34:56.819 [14744:1608:1024/143456.819:ERROR:page_load_metrics_update_dispatcher.cc(179)] Invalid first_paint 0.151 s for first_image_paint 0.119 s
10월 24, 2023 14:34:57.45 [14744:1608:1024/143457.045:ERROR:page_load_metrics_update_dispatcher.cc(179)] Invalid first_paint 0.151 s for first_image_paint 0.119 s
10월 24, 2023 14:34:57.714 [14744:1608:1024/143457.714:ERROR:page_load_metrics_update_dispatcher.cc(179)] Invalid first_paint 0.151 s for first_image_paint 0.119 s
10월 24, 2023 14:34:58.56 [14744:1608:1024/143458.055:ERROR:page_load_metrics_update_dispatcher.cc(179)] Invalid first_paint 0.151 s for first_image_paint 0.119 s
10월 24, 2023 14:34:58.98 [14744:1608:1024/143458.097:ERROR:page_load_metrics_update_dispatcher.cc(179)] Invalid first_paint 0.151 s for first_image_paint 0.119 s
10월 24, 2023 15:36:14.10 [14744:4028:1024/153614.008:ERROR:connection_factory_impl.cc(428)] Failed to connect to MCS endpoint with error -105
10월 24, 2023 15:36:15.302 [14744:1608:1024/153615.302:ERROR:device_event_log_impl.cc(225)] [15:36:15.301] USB: usb_service_win.cc:104 SetupDiGetDeviceProperty({{A45C254E-DF1C-4EFD-8020-67D146A850E0}, 6}) failed: 요소가 없습니다. (0x490)
10월 24, 2023 15:36:16.448 [14744:4028:1024/153616.448:ERROR:connection_factory_impl.cc(428)] Failed to connect to MCS endpoint with error -106
10월 24, 2023 15:36:59.866 [14744:4028:1024/153659.866:ERROR:connection_factory_impl.cc(428)] Failed to connect to MCS endpoint with error -106
10월 24, 2023 15:38:39.992 [14744:4028:1024/153839.992:ERROR:connection_factory_impl.cc(428)] Failed to connect to MCS endpoint with error -106
10월 24, 2023 15:42:34.656 [14744:4028:1024/154234.656:ERROR:connection_factory_impl.cc(428)] Failed to connect to MCS endpoint with error -106
10월 24, 2023 15:50:58.440 [14744:4028:1024/155058.431:ERROR:connection_factory_impl.cc(428)] Failed to connect to MCS endpoint with error -106
10월 24, 2023 16:13:58.943 [14744:4028:1024/160358.601:ERROR:connection_factory_impl.cc(471)] ConnectionHandler failed with net error: -2
10월 24, 2023 16:13:59.07 [14744:4028:1024/161359.007:ERROR:connection_factory_impl.cc(428)] Failed to connect to MCS endpoint with error -7

10월 31, 2023 15:23:02.665 NEW SESSION
10월 31, 2023 15:23:02.665 [13548:15036:1031/152302.651:ERROR:interface_endpoint_client.cc(702)] Message 0 rejected by interface blink.mojom.WidgetHost
10월 31, 2023 15:27:00.555 [13548:15036:1031/152700.555:ERROR:device_event_log_impl.cc(225)] [15:27:00.555] USB: usb_service_win.cc:104 SetupDiGetDeviceProperty({{A45C254E-DF1C-4EFD-8020-67D146A850E0}, 6}) failed: 요소가 없습니다. (0x490)

11월 01, 2023 11:21:36.374 NEW SESSION
11월 01, 2023 11:21:36.374 [1101/112136.352:ERROR:filesystem_win.cc(130)] GetFileAttributes C:\Users\dhdl2\AppData\Local\Google\Chrome\User Data\Crashpad\attachments\7f2b0df2-d121-4d0e-afbe-28ba6872b786: 지정된 파일을 찾을 수 없습니다. (0x2)
11월 01, 2023 11:21:36.374 [1101/112136.362:ERROR:filesystem_win.cc(130)] GetFileAttributes C:\Users\dhdl2\AppData\Local\Google\Chrome\User Data\Crashpad\attachments\7f2b0df2-d121-4d0e-afbe-28ba6872b786: 지정된 파일을 찾을 수 없습니다. (0x2)
11월 01, 2023 13:31:55.173 [19280:17236:1101/130253.801:ERROR:connection_factory_impl.cc(471)] ConnectionHandler failed with net error: -2
11월 01, 2023 13:31:55.516 [19280:17236:1101/133155.516:ERROR:connection_factory_impl.cc(428)] Failed to connect to MCS endpoint with error -7
11월 01, 2023 14:09:55.319 [19280:1296:1101/140955.319:ERROR:device_event_log_impl.cc(225)] [14:09:55.318] USB: usb_service_win.cc:104 SetupDiGetDeviceProperty({{A45C254E-DF1C-4EFD-8020-67D146A850E0}, 6}) failed: 요소가 없습니다. (0x490)
11월 01, 2023 15:41:17.525 [19280:17236:1101/154117.525:ERROR:connection_factory_impl.cc(471)] ConnectionHandler failed with net error: -2

11월 03, 2023 10:25:22.58 NEW SESSION
11월 03, 2023 10:25:22.58 [10172:18892:1103/102522.056:ERROR:connection_factory_impl.cc(471)] ConnectionHandler failed with net error: -2

11월 07, 2023 10:46:43.469 NEW SESSION
11월 07, 2023 10:46:43.469 [3532:19184:1107/104643.465:ERROR:connection_factory_impl.cc(471)] ConnectionHandler failed with net error: -2
11월 07, 2023 11:02:03.151 [3532:19184:1107/110203.151:ERROR:connection_factory_impl.cc(471)] ConnectionHandler failed with net error: -2
11월 07, 2023 11:26:22.633 [3532:19184:1107/112622.633:ERROR:connection_factory_impl.cc(428)] Failed to connect to MCS endpoint with error -105
11월 07, 2023 11:26:24.737 [3532:19184:1107/112624.737:ERROR:connection_factory_impl.cc(428)] Failed to connect to MCS endpoint with error -106
11월 07, 2023 11:26:43.654 [3532:6328:1107/112643.654:ERROR:device_event_log_impl.cc(192)] [11:26:43.652] USB: usb_service_win.cc:104 SetupDiGetDeviceProperty({{A45C254E-DF1C-4EFD-8020-67D146A850E0}, 6}) failed: 요소가 없습니다. (0x490)
11월 07, 2023 12:27:05.491 [3532:6328:1107/122705.491:ERROR:interface_endpoint_client.cc(702)] Message 1 rejected by interface blink.mojom.WidgetHost
11월 07, 2023 14:48:48.993 [3532:6328:1107/144848.992:ERROR:device_event_log_impl.cc(192)] [14:48:48.988] USB: usb_service_win.cc:104 SetupDiGetDeviceProperty({{A45C254E-DF1C-4EFD-8020-67D146A850E0}, 6}) failed: 요소가 없습니다. (0x490)
11월 07, 2023 14:51:12.130 [3532:6328:1107/145112.130:ERROR:interface_endpoint_client.cc(702)] Message 5 rejected by interface blink.mojom.WidgetHost
11월 07, 2023 16:01:36.511 [3532:6328:1107/160136.511:ERROR:device_event_log_impl.cc(192)] [16:01:36.510] USB: usb_service_win.cc:104 SetupDiGetDeviceProperty({{A45C254E-DF1C-4EFD-8020-67D146A850E0}, 6}) failed: 요소가 없습니다. (0x490)

11월 09, 2023 12:40:25.509 NEW SESSION
11월 09, 2023 12:40:25.509 [22816:12848:1109/124025.502:ERROR:interface_endpoint_client.cc(702)] Message 1 rejected by interface blink.mojom.WidgetHost
11월 09, 2023 12:40:25.509 [22816:12848:1109/124025.502:ERROR:interface_endpoint_client.cc(702)] Message 1 rejected by interface blink.mojom.WidgetHost
11월 09, 2023 13:00:37.271 [22816:14420:1109/130037.262:ERROR:mcs_client.cc(750)] Received close command, resetting connection.
11월 09, 2023 16:57:41.644 INFO: Created TensorFlow Lite XNNPACK delegate for CPU.
11월 09, 2023 16:57:41.644 WARNING: Attempting to use a delegate that only supports static-sized tensors with a graph that has dynamic-sized tensors (tensor#56 is a dynamic-sized tensor).
11월 09, 2023 16:58:36.914 WARNING: Attempting to use a delegate that only supports static-sized tensors with a graph that has dynamic-sized tensors (tensor#56 is a dynamic-sized tensor).

11월 14, 2023 09:25:48.910 NEW SESSION
11월 14, 2023 09:25:48.910 [2484:18944:1114/092548.908:ERROR:interface_endpoint_client.cc(702)] Message 5 rejected by interface blink.mojom.WidgetHost
11월 14, 2023 09:40:37.360 [2484:18944:1114/094037.359:ERROR:interface_endpoint_client.cc(702)] Message 5 rejected by interface blink.mojom.WidgetHost
11월 14, 2023 13:39:09.438 [2484:11320:1114/133909.438:ERROR:connection_factory_impl.cc(471)] ConnectionHandler failed with net error: -2
11월 14, 2023 13:41:47.20 [2484:18944:1114/134147.020:ERROR:interface_endpoint_client.cc(702)] Message 5 rejected by interface blink.mojom.WidgetHost

11월 14, 2023 17:15:17.786 NEW SESSION
11월 14, 2023 17:15:17.786 [18168:17768:1114/171421.634:ERROR:connection_factory_impl.cc(471)] ConnectionHandler failed with net error: -2
11월 14, 2023 17:15:17.802 [18168:17768:1114/171517.802:ERROR:connection_factory_impl.cc(428)] Failed to connect to MCS endpoint with error -105

11월 16, 2023 09:30:49.933 NEW SESSION
11월 16, 2023 09:30:49.933 INFO: Created TensorFlow Lite XNNPACK delegate for CPU.
11월 16, 2023 13:11:30.145 [9312:12304:1116/131130.145:ERROR:connection_factory_impl.cc(471)] ConnectionHandler failed with net error: -2
11월 16, 2023 14:31:11.287 [9312:9296:1116/143111.286:ERROR:device_event_log_impl.cc(192)] [14:31:11.286] USB: usb_service_win.cc:104 SetupDiGetDeviceProperty({{A45C254E-DF1C-4EFD-8020-67D146A850E0}, 6}) failed: 요소가 없습니다. (0x490)
11월 16, 2023 17:50:26.689 INFO: Created TensorFlow Lite XNNPACK delegate for CPU.

11월 16, 2023 18:03:51.08 NEW SESSION
11월 16, 2023 18:03:51.08 INFO: Created TensorFlow Lite XNNPACK delegate for CPU.
